150103 03:04:13 mysqld_safe Starting mysqld daemon with databases from /home/action/.parts/var/mysql
2015-01-03 03:04:14 0 [Warning] TIMESTAMP with implicit DEFAULT value is deprecated. Please use --explicit_defaults_for_timestamp server option (see documentation for more details).
2015-01-03 03:04:14 1522 [Warning] Buffered warning: Changed limits: max_open_files: 512 (requested 5000)

2015-01-03 03:04:14 1522 [Warning] Buffered warning: Changed limits: table_cache: 400 (requested 2000)

2015-01-03 03:04:14 1522 [Note] Plugin 'FEDERATED' is disabled.
2015-01-03 03:04:14 1522 [Note] InnoDB: The InnoDB memory heap is disabled
2015-01-03 03:04:14 1522 [Note] InnoDB: Mutexes and rw_locks use GCC atomic builtins
2015-01-03 03:04:14 1522 [Note] InnoDB: Compressed tables use zlib 1.2.3
2015-01-03 03:04:14 1522 [Note] InnoDB: Using CPU crc32 instructions
2015-01-03 03:04:14 1522 [Note] InnoDB: Initializing buffer pool, size = 128.0M
2015-01-03 03:04:14 1522 [Note] InnoDB: Completed initialization of buffer pool
2015-01-03 03:04:14 1522 [Note] InnoDB: Highest supported file format is Barracuda.
2015-01-03 03:04:14 1522 [Note] InnoDB: 128 rollback segment(s) are active.
2015-01-03 03:04:14 1522 [Note] InnoDB: Waiting for purge to start
2015-01-03 03:04:14 1522 [Note] InnoDB: 5.6.13 started; log sequence number 1625987
2015-01-03 03:04:14 1522 [Warning] No existing UUID has been found, so we assume that this is the first time that this server has been started. Generating a new UUID: 32eb3fa2-92f5-11e4-867b-0200c0a8d09b.
2015-01-03 03:04:14 1522 [Note] RSA private key file not found: /home/action/.parts/var/mysql//private_key.pem. Some authentication plugins will not work.
2015-01-03 03:04:14 1522 [Note] RSA public key file not found: /home/action/.parts/var/mysql//public_key.pem. Some authentication plugins will not work.
2015-01-03 03:04:14 1522 [Note] Server hostname (bind-address): '*'; port: 3306
2015-01-03 03:04:14 1522 [Note] IPv6 is available.
2015-01-03 03:04:14 1522 [Note]   - '::' resolves to '::';
2015-01-03 03:04:14 1522 [Note] Server socket created on IP: '::'.
2015-01-03 03:04:14 1522 [Note] Event Scheduler: Loaded 0 events
2015-01-03 03:04:14 1522 [Note] /home/action/.parts/packages/mysql/5.6.13/bin/mysqld: ready for connections.
Version: '5.6.13'  socket: '/tmp/mysql.sock'  port: 3306  Source distribution
2015-01-03 21:00:25 1522 [Note] /home/action/.parts/packages/mysql/5.6.13/bin/mysqld: Normal shutdown

2015-01-03 21:00:25 1522 [Note] Giving 0 client threads a chance to die gracefully
2015-01-03 21:00:25 1522 [Note] Event Scheduler: Purging the queue. 0 events
2015-01-03 21:00:25 1522 [Note] Shutting down slave threads
2015-01-03 21:00:25 1522 [Note] Forcefully disconnecting 0 remaining clients
2015-01-03 21:00:25 1522 [Note] Binlog end
2015-01-03 21:00:25 1522 [Note] Shutting down plugin 'partition'
2015-01-03 21:00:25 1522 [Note] Shutting down plugin 'ARCHIVE'
2015-01-03 21:00:25 1522 [Note] Shutting down plugin 'PERFORMANCE_SCHEMA'
2015-01-03 21:00:25 1522 [Note] Shutting down plugin 'INNODB_SYS_DATAFILES'
2015-01-03 21:00:25 1522 [Note] Shutting down plugin 'INNODB_SYS_TABLESPACES'
2015-01-03 21:00:25 1522 [Note] Shutting down plugin 'INNODB_SYS_FOREIGN_COLS'
2015-01-03 21:00:25 1522 [Note] Shutting down plugin 'INNODB_SYS_FOREIGN'
2015-01-03 21:00:25 1522 [Note] Shutting down plugin 'INNODB_SYS_FIELDS'
2015-01-03 21:00:25 1522 [Note] Shutting down plugin 'INNODB_SYS_COLUMNS'
2015-01-03 21:00:25 1522 [Note] Shutting down plugin 'INNODB_SYS_INDEXES'
2015-01-03 21:00:25 1522 [Note] Shutting down plugin 'INNODB_SYS_TABLESTATS'
2015-01-03 21:00:25 1522 [Note] Shutting down plugin 'INNODB_SYS_TABLES'
2015-01-03 21:00:25 1522 [Note] Shutting down plugin 'INNODB_FT_INDEX_TABLE'
2015-01-03 21:00:25 1522 [Note] Shutting down plugin 'INNODB_FT_INDEX_CACHE'
2015-01-03 21:00:25 1522 [Note] Shutting down plugin 'INNODB_FT_CONFIG'
2015-01-03 21:00:25 1522 [Note] Shutting down plugin 'INNODB_FT_BEING_DELETED'
2015-01-03 21:00:25 1522 [Note] Shutting down plugin 'INNODB_FT_DELETED'
2015-01-03 21:00:25 1522 [Note] Shutting down plugin 'INNODB_FT_DEFAULT_STOPWORD'
2015-01-03 21:00:25 1522 [Note] Shutting down plugin 'INNODB_METRICS'
2015-01-03 21:00:25 1522 [Note] Shutting down plugin 'INNODB_BUFFER_POOL_STATS'
2015-01-03 21:00:25 1522 [Note] Shutting down plugin 'INNODB_BUFFER_PAGE_LRU'
2015-01-03 21:00:25 1522 [Note] Shutting down plugin 'INNODB_BUFFER_PAGE'
2015-01-03 21:00:25 1522 [Note] Shutting down plugin 'INNODB_CMP_PER_INDEX_RESET'
2015-01-03 21:00:25 1522 [Note] Shutting down plugin 'INNODB_CMP_PER_INDEX'
2015-01-03 21:00:25 1522 [Note] Shutting down plugin 'INNODB_CMPMEM_RESET'
2015-01-03 21:00:25 1522 [Note] Shutting down plugin 'INNODB_CMPMEM'
2015-01-03 21:00:25 1522 [Note] Shutting down plugin 'INNODB_CMP_RESET'
2015-01-03 21:00:25 1522 [Note] Shutting down plugin 'INNODB_CMP'
2015-01-03 21:00:25 1522 [Note] Shutting down plugin 'INNODB_LOCK_WAITS'
2015-01-03 21:00:25 1522 [Note] Shutting down plugin 'INNODB_LOCKS'
2015-01-03 21:00:25 1522 [Note] Shutting down plugin 'INNODB_TRX'
2015-01-03 21:00:25 1522 [Note] Shutting down plugin 'InnoDB'
2015-01-03 21:00:25 1522 [Note] InnoDB: FTS optimize thread exiting.
2015-01-03 21:00:25 1522 [Note] InnoDB: Starting shutdown...
2015-01-03 21:00:27 1522 [Note] InnoDB: Shutdown completed; log sequence number 1625997
2015-01-03 21:00:27 1522 [Note] Shutting down plugin 'BLACKHOLE'
2015-01-03 21:00:27 1522 [Note] Shutting down plugin 'MyISAM'
2015-01-03 21:00:27 1522 [Note] Shutting down plugin 'MEMORY'
2015-01-03 21:00:27 1522 [Note] Shutting down plugin 'CSV'
2015-01-03 21:00:27 1522 [Note] Shutting down plugin 'MRG_MYISAM'
2015-01-03 21:00:27 1522 [Note] Shutting down plugin 'sha256_password'
2015-01-03 21:00:27 1522 [Note] Shutting down plugin 'mysql_old_password'
2015-01-03 21:00:27 1522 [Note] Shutting down plugin 'mysql_native_password'
2015-01-03 21:00:27 1522 [Note] Shutting down plugin 'binlog'
2015-01-03 21:00:27 1522 [Note] /home/action/.parts/packages/mysql/5.6.13/bin/mysqld: Shutdown complete

150103 21:00:27 mysqld_safe mysqld from pid file /home/action/.parts/var/mysql/junkyardapp-180470.pid ended
150106 01:50:41 mysqld_safe Starting mysqld daemon with databases from /home/action/.parts/var/mysql
2015-01-06 01:50:42 0 [Warning] TIMESTAMP with implicit DEFAULT value is deprecated. Please use --explicit_defaults_for_timestamp server option (see documentation for more details).
2015-01-06 01:50:42 470 [Note] Plugin 'FEDERATED' is disabled.
2015-01-06 01:50:42 470 [Note] InnoDB: The InnoDB memory heap is disabled
2015-01-06 01:50:42 470 [Note] InnoDB: Mutexes and rw_locks use GCC atomic builtins
2015-01-06 01:50:42 470 [Note] InnoDB: Compressed tables use zlib 1.2.3
2015-01-06 01:50:42 470 [Note] InnoDB: Using CPU crc32 instructions
2015-01-06 01:50:42 470 [Note] InnoDB: Initializing buffer pool, size = 128.0M
2015-01-06 01:50:42 470 [Note] InnoDB: Completed initialization of buffer pool
2015-01-06 01:50:42 470 [Note] InnoDB: Highest supported file format is Barracuda.
2015-01-06 01:50:42 470 [Note] InnoDB: 128 rollback segment(s) are active.
2015-01-06 01:50:42 470 [Note] InnoDB: Waiting for purge to start
2015-01-06 01:50:42 470 [Note] InnoDB: 5.6.13 started; log sequence number 1625997
2015-01-06 01:50:42 470 [Note] RSA private key file not found: /home/action/.parts/var/mysql//private_key.pem. Some authentication plugins will not work.
2015-01-06 01:50:42 470 [Note] RSA public key file not found: /home/action/.parts/var/mysql//public_key.pem. Some authentication plugins will not work.
2015-01-06 01:50:42 470 [Note] Server hostname (bind-address): '*'; port: 3306
2015-01-06 01:50:42 470 [Note] IPv6 is available.
2015-01-06 01:50:42 470 [Note]   - '::' resolves to '::';
2015-01-06 01:50:42 470 [Note] Server socket created on IP: '::'.
2015-01-06 01:50:42 470 [Note] Event Scheduler: Loaded 0 events
2015-01-06 01:50:42 470 [Note] /home/action/.parts/packages/mysql/5.6.13/bin/mysqld: ready for connections.
Version: '5.6.13'  socket: '/tmp/mysql.sock'  port: 3306  Source distribution
2015-01-06 11:00:36 470 [Note] /home/action/.parts/packages/mysql/5.6.13/bin/mysqld: Normal shutdown

2015-01-06 11:00:36 470 [Note] Giving 0 client threads a chance to die gracefully
2015-01-06 11:00:36 470 [Note] Event Scheduler: Purging the queue. 0 events
2015-01-06 11:00:36 470 [Note] Shutting down slave threads
2015-01-06 11:00:36 470 [Note] Forcefully disconnecting 0 remaining clients
2015-01-06 11:00:36 470 [Note] Binlog end
2015-01-06 11:00:36 470 [Note] Shutting down plugin 'partition'
2015-01-06 11:00:36 470 [Note] Shutting down plugin 'ARCHIVE'
2015-01-06 11:00:36 470 [Note] Shutting down plugin 'PERFORMANCE_SCHEMA'
2015-01-06 11:00:36 470 [Note] Shutting down plugin 'INNODB_SYS_DATAFILES'
2015-01-06 11:00:36 470 [Note] Shutting down plugin 'INNODB_SYS_TABLESPACES'
2015-01-06 11:00:36 470 [Note] Shutting down plugin 'INNODB_SYS_FOREIGN_COLS'
2015-01-06 11:00:36 470 [Note] Shutting down plugin 'INNODB_SYS_FOREIGN'
2015-01-06 11:00:36 470 [Note] Shutting down plugin 'INNODB_SYS_FIELDS'
2015-01-06 11:00:36 470 [Note] Shutting down plugin 'INNODB_SYS_COLUMNS'
2015-01-06 11:00:36 470 [Note] Shutting down plugin 'INNODB_SYS_INDEXES'
2015-01-06 11:00:36 470 [Note] Shutting down plugin 'INNODB_SYS_TABLESTATS'
2015-01-06 11:00:36 470 [Note] Shutting down plugin 'INNODB_SYS_TABLES'
2015-01-06 11:00:36 470 [Note] Shutting down plugin 'INNODB_FT_INDEX_TABLE'
2015-01-06 11:00:36 470 [Note] Shutting down plugin 'INNODB_FT_INDEX_CACHE'
2015-01-06 11:00:36 470 [Note] Shutting down plugin 'INNODB_FT_CONFIG'
2015-01-06 11:00:36 470 [Note] Shutting down plugin 'INNODB_FT_BEING_DELETED'
2015-01-06 11:00:36 470 [Note] Shutting down plugin 'INNODB_FT_DELETED'
2015-01-06 11:00:36 470 [Note] Shutting down plugin 'INNODB_FT_DEFAULT_STOPWORD'
2015-01-06 11:00:36 470 [Note] Shutting down plugin 'INNODB_METRICS'
2015-01-06 11:00:36 470 [Note] Shutting down plugin 'INNODB_BUFFER_POOL_STATS'
2015-01-06 11:00:36 470 [Note] Shutting down plugin 'INNODB_BUFFER_PAGE_LRU'
2015-01-06 11:00:36 470 [Note] Shutting down plugin 'INNODB_BUFFER_PAGE'
2015-01-06 11:00:36 470 [Note] Shutting down plugin 'INNODB_CMP_PER_INDEX_RESET'
2015-01-06 11:00:36 470 [Note] Shutting down plugin 'INNODB_CMP_PER_INDEX'
2015-01-06 11:00:36 470 [Note] Shutting down plugin 'INNODB_CMPMEM_RESET'
2015-01-06 11:00:36 470 [Note] Shutting down plugin 'INNODB_CMPMEM'
2015-01-06 11:00:36 470 [Note] Shutting down plugin 'INNODB_CMP_RESET'
2015-01-06 11:00:36 470 [Note] Shutting down plugin 'INNODB_CMP'
2015-01-06 11:00:36 470 [Note] Shutting down plugin 'INNODB_LOCK_WAITS'
2015-01-06 11:00:36 470 [Note] Shutting down plugin 'INNODB_LOCKS'
2015-01-06 11:00:36 470 [Note] Shutting down plugin 'INNODB_TRX'
2015-01-06 11:00:36 470 [Note] Shutting down plugin 'InnoDB'
2015-01-06 11:00:36 470 [Note] InnoDB: FTS optimize thread exiting.
2015-01-06 11:00:36 470 [Note] InnoDB: Starting shutdown...
2015-01-06 11:00:38 470 [Note] InnoDB: Shutdown completed; log sequence number 1626007
2015-01-06 11:00:38 470 [Note] Shutting down plugin 'BLACKHOLE'
2015-01-06 11:00:38 470 [Note] Shutting down plugin 'MyISAM'
2015-01-06 11:00:38 470 [Note] Shutting down plugin 'MEMORY'
2015-01-06 11:00:38 470 [Note] Shutting down plugin 'CSV'
2015-01-06 11:00:38 470 [Note] Shutting down plugin 'MRG_MYISAM'
2015-01-06 11:00:38 470 [Note] Shutting down plugin 'sha256_password'
2015-01-06 11:00:38 470 [Note] Shutting down plugin 'mysql_old_password'
2015-01-06 11:00:38 470 [Note] Shutting down plugin 'mysql_native_password'
2015-01-06 11:00:38 470 [Note] Shutting down plugin 'binlog'
2015-01-06 11:00:38 470 [Note] /home/action/.parts/packages/mysql/5.6.13/bin/mysqld: Shutdown complete

150106 11:00:40 mysqld_safe mysqld from pid file /home/action/.parts/var/mysql/junkyardapp-180470.pid ended
150106 20:59:32 mysqld_safe Starting mysqld daemon with databases from /home/action/.parts/var/mysql
2015-01-06 20:59:33 0 [Warning] TIMESTAMP with implicit DEFAULT value is deprecated. Please use --explicit_defaults_for_timestamp server option (see documentation for more details).
2015-01-06 20:59:33 471 [Note] Plugin 'FEDERATED' is disabled.
2015-01-06 20:59:33 471 [Note] InnoDB: The InnoDB memory heap is disabled
2015-01-06 20:59:33 471 [Note] InnoDB: Mutexes and rw_locks use GCC atomic builtins
2015-01-06 20:59:33 471 [Note] InnoDB: Compressed tables use zlib 1.2.3
2015-01-06 20:59:33 471 [Note] InnoDB: Using CPU crc32 instructions
2015-01-06 20:59:33 471 [Note] InnoDB: Initializing buffer pool, size = 128.0M
2015-01-06 20:59:33 471 [Note] InnoDB: Completed initialization of buffer pool
2015-01-06 20:59:33 471 [Note] InnoDB: Highest supported file format is Barracuda.
2015-01-06 20:59:33 471 [Note] InnoDB: 128 rollback segment(s) are active.
2015-01-06 20:59:33 471 [Note] InnoDB: Waiting for purge to start
2015-01-06 20:59:33 471 [Note] InnoDB: 5.6.13 started; log sequence number 1626007
2015-01-06 20:59:33 471 [Note] RSA private key file not found: /home/action/.parts/var/mysql//private_key.pem. Some authentication plugins will not work.
2015-01-06 20:59:33 471 [Note] RSA public key file not found: /home/action/.parts/var/mysql//public_key.pem. Some authentication plugins will not work.
2015-01-06 20:59:33 471 [Note] Server hostname (bind-address): '*'; port: 3306
2015-01-06 20:59:33 471 [Note] IPv6 is available.
2015-01-06 20:59:33 471 [Note]   - '::' resolves to '::';
2015-01-06 20:59:33 471 [Note] Server socket created on IP: '::'.
2015-01-06 20:59:34 471 [Note] Event Scheduler: Loaded 0 events
2015-01-06 20:59:34 471 [Note] /home/action/.parts/packages/mysql/5.6.13/bin/mysqld: ready for connections.
Version: '5.6.13'  socket: '/tmp/mysql.sock'  port: 3306  Source distribution
2015-01-07 05:00:36 471 [Note] /home/action/.parts/packages/mysql/5.6.13/bin/mysqld: Normal shutdown

2015-01-07 05:00:36 471 [Note] Giving 0 client threads a chance to die gracefully
2015-01-07 05:00:36 471 [Note] Event Scheduler: Purging the queue. 0 events
2015-01-07 05:00:36 471 [Note] Shutting down slave threads
2015-01-07 05:00:36 471 [Note] Forcefully disconnecting 0 remaining clients
2015-01-07 05:00:36 471 [Note] Binlog end
2015-01-07 05:00:36 471 [Note] Shutting down plugin 'partition'
2015-01-07 05:00:36 471 [Note] Shutting down plugin 'ARCHIVE'
2015-01-07 05:00:36 471 [Note] Shutting down plugin 'PERFORMANCE_SCHEMA'
2015-01-07 05:00:36 471 [Note] Shutting down plugin 'INNODB_SYS_DATAFILES'
2015-01-07 05:00:36 471 [Note] Shutting down plugin 'INNODB_SYS_TABLESPACES'
2015-01-07 05:00:36 471 [Note] Shutting down plugin 'INNODB_SYS_FOREIGN_COLS'
2015-01-07 05:00:36 471 [Note] Shutting down plugin 'INNODB_SYS_FOREIGN'
2015-01-07 05:00:36 471 [Note] Shutting down plugin 'INNODB_SYS_FIELDS'
2015-01-07 05:00:36 471 [Note] Shutting down plugin 'INNODB_SYS_COLUMNS'
2015-01-07 05:00:36 471 [Note] Shutting down plugin 'INNODB_SYS_INDEXES'
2015-01-07 05:00:36 471 [Note] Shutting down plugin 'INNODB_SYS_TABLESTATS'
2015-01-07 05:00:36 471 [Note] Shutting down plugin 'INNODB_SYS_TABLES'
2015-01-07 05:00:36 471 [Note] Shutting down plugin 'INNODB_FT_INDEX_TABLE'
2015-01-07 05:00:36 471 [Note] Shutting down plugin 'INNODB_FT_INDEX_CACHE'
2015-01-07 05:00:36 471 [Note] Shutting down plugin 'INNODB_FT_CONFIG'
2015-01-07 05:00:36 471 [Note] Shutting down plugin 'INNODB_FT_BEING_DELETED'
2015-01-07 05:00:36 471 [Note] Shutting down plugin 'INNODB_FT_DELETED'
2015-01-07 05:00:36 471 [Note] Shutting down plugin 'INNODB_FT_DEFAULT_STOPWORD'
2015-01-07 05:00:36 471 [Note] Shutting down plugin 'INNODB_METRICS'
2015-01-07 05:00:36 471 [Note] Shutting down plugin 'INNODB_BUFFER_POOL_STATS'
2015-01-07 05:00:36 471 [Note] Shutting down plugin 'INNODB_BUFFER_PAGE_LRU'
2015-01-07 05:00:36 471 [Note] Shutting down plugin 'INNODB_BUFFER_PAGE'
2015-01-07 05:00:36 471 [Note] Shutting down plugin 'INNODB_CMP_PER_INDEX_RESET'
2015-01-07 05:00:36 471 [Note] Shutting down plugin 'INNODB_CMP_PER_INDEX'
2015-01-07 05:00:36 471 [Note] Shutting down plugin 'INNODB_CMPMEM_RESET'
2015-01-07 05:00:36 471 [Note] Shutting down plugin 'INNODB_CMPMEM'
2015-01-07 05:00:36 471 [Note] Shutting down plugin 'INNODB_CMP_RESET'
2015-01-07 05:00:36 471 [Note] Shutting down plugin 'INNODB_CMP'
2015-01-07 05:00:36 471 [Note] Shutting down plugin 'INNODB_LOCK_WAITS'
2015-01-07 05:00:36 471 [Note] Shutting down plugin 'INNODB_LOCKS'
2015-01-07 05:00:36 471 [Note] Shutting down plugin 'INNODB_TRX'
2015-01-07 05:00:36 471 [Note] Shutting down plugin 'InnoDB'
2015-01-07 05:00:36 471 [Note] InnoDB: FTS optimize thread exiting.
2015-01-07 05:00:36 471 [Note] InnoDB: Starting shutdown...
2015-01-07 05:00:37 471 [Note] InnoDB: Shutdown completed; log sequence number 1626017
2015-01-07 05:00:37 471 [Note] Shutting down plugin 'BLACKHOLE'
2015-01-07 05:00:37 471 [Note] Shutting down plugin 'MyISAM'
2015-01-07 05:00:37 471 [Note] Shutting down plugin 'MEMORY'
2015-01-07 05:00:37 471 [Note] Shutting down plugin 'CSV'
2015-01-07 05:00:37 471 [Note] Shutting down plugin 'MRG_MYISAM'
2015-01-07 05:00:37 471 [Note] Shutting down plugin 'sha256_password'
2015-01-07 05:00:37 471 [Note] Shutting down plugin 'mysql_old_password'
2015-01-07 05:00:37 471 [Note] Shutting down plugin 'mysql_native_password'
2015-01-07 05:00:37 471 [Note] Shutting down plugin 'binlog'
2015-01-07 05:00:37 471 [Note] /home/action/.parts/packages/mysql/5.6.13/bin/mysqld: Shutdown complete

150107 05:00:38 mysqld_safe mysqld from pid file /home/action/.parts/var/mysql/junkyardapp-180470.pid ended
150107 18:24:24 mysqld_safe Starting mysqld daemon with databases from /home/action/.parts/var/mysql
2015-01-07 18:24:25 0 [Warning] TIMESTAMP with implicit DEFAULT value is deprecated. Please use --explicit_defaults_for_timestamp server option (see documentation for more details).
2015-01-07 18:24:25 486 [Note] Plugin 'FEDERATED' is disabled.
2015-01-07 18:24:25 486 [Note] InnoDB: The InnoDB memory heap is disabled
2015-01-07 18:24:25 486 [Note] InnoDB: Mutexes and rw_locks use GCC atomic builtins
2015-01-07 18:24:25 486 [Note] InnoDB: Compressed tables use zlib 1.2.3
2015-01-07 18:24:25 486 [Note] InnoDB: Using CPU crc32 instructions
2015-01-07 18:24:25 486 [Note] InnoDB: Initializing buffer pool, size = 128.0M
2015-01-07 18:24:25 486 [Note] InnoDB: Completed initialization of buffer pool
2015-01-07 18:24:26 486 [Note] InnoDB: Highest supported file format is Barracuda.
2015-01-07 18:24:26 486 [Note] InnoDB: 128 rollback segment(s) are active.
2015-01-07 18:24:26 486 [Note] InnoDB: Waiting for purge to start
2015-01-07 18:24:26 486 [Note] InnoDB: 5.6.13 started; log sequence number 1626017
2015-01-07 18:24:26 486 [Note] RSA private key file not found: /home/action/.parts/var/mysql//private_key.pem. Some authentication plugins will not work.
2015-01-07 18:24:26 486 [Note] RSA public key file not found: /home/action/.parts/var/mysql//public_key.pem. Some authentication plugins will not work.
2015-01-07 18:24:26 486 [Note] Server hostname (bind-address): '*'; port: 3306
2015-01-07 18:24:26 486 [Note] IPv6 is available.
2015-01-07 18:24:26 486 [Note]   - '::' resolves to '::';
2015-01-07 18:24:26 486 [Note] Server socket created on IP: '::'.
2015-01-07 18:24:26 486 [Note] Event Scheduler: Loaded 0 events
2015-01-07 18:24:26 486 [Note] /home/action/.parts/packages/mysql/5.6.13/bin/mysqld: ready for connections.
Version: '5.6.13'  socket: '/tmp/mysql.sock'  port: 3306  Source distribution
2015-01-07 23:00:36 486 [Note] /home/action/.parts/packages/mysql/5.6.13/bin/mysqld: Normal shutdown

2015-01-07 23:00:36 486 [Note] Giving 0 client threads a chance to die gracefully
2015-01-07 23:00:36 486 [Note] Event Scheduler: Purging the queue. 0 events
2015-01-07 23:00:36 486 [Note] Shutting down slave threads
2015-01-07 23:00:36 486 [Note] Forcefully disconnecting 0 remaining clients
2015-01-07 23:00:36 486 [Note] Binlog end
2015-01-07 23:00:37 486 [Note] Shutting down plugin 'partition'
2015-01-07 23:00:37 486 [Note] Shutting down plugin 'ARCHIVE'
2015-01-07 23:00:37 486 [Note] Shutting down plugin 'PERFORMANCE_SCHEMA'
2015-01-07 23:00:37 486 [Note] Shutting down plugin 'INNODB_SYS_DATAFILES'
2015-01-07 23:00:37 486 [Note] Shutting down plugin 'INNODB_SYS_TABLESPACES'
2015-01-07 23:00:37 486 [Note] Shutting down plugin 'INNODB_SYS_FOREIGN_COLS'
2015-01-07 23:00:37 486 [Note] Shutting down plugin 'INNODB_SYS_FOREIGN'
2015-01-07 23:00:37 486 [Note] Shutting down plugin 'INNODB_SYS_FIELDS'
2015-01-07 23:00:37 486 [Note] Shutting down plugin 'INNODB_SYS_COLUMNS'
2015-01-07 23:00:37 486 [Note] Shutting down plugin 'INNODB_SYS_INDEXES'
2015-01-07 23:00:37 486 [Note] Shutting down plugin 'INNODB_SYS_TABLESTATS'
2015-01-07 23:00:37 486 [Note] Shutting down plugin 'INNODB_SYS_TABLES'
2015-01-07 23:00:37 486 [Note] Shutting down plugin 'INNODB_FT_INDEX_TABLE'
2015-01-07 23:00:37 486 [Note] Shutting down plugin 'INNODB_FT_INDEX_CACHE'
2015-01-07 23:00:37 486 [Note] Shutting down plugin 'INNODB_FT_CONFIG'
2015-01-07 23:00:37 486 [Note] Shutting down plugin 'INNODB_FT_BEING_DELETED'
2015-01-07 23:00:37 486 [Note] Shutting down plugin 'INNODB_FT_DELETED'
2015-01-07 23:00:37 486 [Note] Shutting down plugin 'INNODB_FT_DEFAULT_STOPWORD'
2015-01-07 23:00:37 486 [Note] Shutting down plugin 'INNODB_METRICS'
2015-01-07 23:00:37 486 [Note] Shutting down plugin 'INNODB_BUFFER_POOL_STATS'
2015-01-07 23:00:37 486 [Note] Shutting down plugin 'INNODB_BUFFER_PAGE_LRU'
2015-01-07 23:00:37 486 [Note] Shutting down plugin 'INNODB_BUFFER_PAGE'
2015-01-07 23:00:37 486 [Note] Shutting down plugin 'INNODB_CMP_PER_INDEX_RESET'
2015-01-07 23:00:37 486 [Note] Shutting down plugin 'INNODB_CMP_PER_INDEX'
2015-01-07 23:00:37 486 [Note] Shutting down plugin 'INNODB_CMPMEM_RESET'
2015-01-07 23:00:37 486 [Note] Shutting down plugin 'INNODB_CMPMEM'
2015-01-07 23:00:37 486 [Note] Shutting down plugin 'INNODB_CMP_RESET'
2015-01-07 23:00:37 486 [Note] Shutting down plugin 'INNODB_CMP'
2015-01-07 23:00:37 486 [Note] Shutting down plugin 'INNODB_LOCK_WAITS'
2015-01-07 23:00:37 486 [Note] Shutting down plugin 'INNODB_LOCKS'
2015-01-07 23:00:37 486 [Note] Shutting down plugin 'INNODB_TRX'
2015-01-07 23:00:37 486 [Note] Shutting down plugin 'InnoDB'
2015-01-07 23:00:37 486 [Note] InnoDB: FTS optimize thread exiting.
2015-01-07 23:00:37 486 [Note] InnoDB: Starting shutdown...
2015-01-07 23:00:37 486 [Note] InnoDB: Shutdown completed; log sequence number 1626027
2015-01-07 23:00:37 486 [Note] Shutting down plugin 'BLACKHOLE'
2015-01-07 23:00:37 486 [Note] Shutting down plugin 'MyISAM'
2015-01-07 23:00:37 486 [Note] Shutting down plugin 'MEMORY'
2015-01-07 23:00:37 486 [Note] Shutting down plugin 'CSV'
2015-01-07 23:00:37 486 [Note] Shutting down plugin 'MRG_MYISAM'
2015-01-07 23:00:37 486 [Note] Shutting down plugin 'sha256_password'
2015-01-07 23:00:37 486 [Note] Shutting down plugin 'mysql_old_password'
2015-01-07 23:00:37 486 [Note] Shutting down plugin 'mysql_native_password'
2015-01-07 23:00:37 486 [Note] Shutting down plugin 'binlog'
2015-01-07 23:00:37 486 [Note] /home/action/.parts/packages/mysql/5.6.13/bin/mysqld: Shutdown complete

150107 23:00:38 mysqld_safe mysqld from pid file /home/action/.parts/var/mysql/junkyardapp-180470.pid ended
150108 00:15:57 mysqld_safe Starting mysqld daemon with databases from /home/action/.parts/var/mysql
2015-01-08 00:15:58 0 [Warning] TIMESTAMP with implicit DEFAULT value is deprecated. Please use --explicit_defaults_for_timestamp server option (see documentation for more details).
2015-01-08 00:15:58 492 [Note] Plugin 'FEDERATED' is disabled.
2015-01-08 00:15:58 492 [Note] InnoDB: The InnoDB memory heap is disabled
2015-01-08 00:15:58 492 [Note] InnoDB: Mutexes and rw_locks use GCC atomic builtins
2015-01-08 00:15:58 492 [Note] InnoDB: Compressed tables use zlib 1.2.3
2015-01-08 00:15:58 492 [Note] InnoDB: Using CPU crc32 instructions
2015-01-08 00:15:58 492 [Note] InnoDB: Initializing buffer pool, size = 128.0M
2015-01-08 00:15:58 492 [Note] InnoDB: Completed initialization of buffer pool
2015-01-08 00:15:58 492 [Note] InnoDB: Highest supported file format is Barracuda.
2015-01-08 00:15:58 492 [Note] InnoDB: 128 rollback segment(s) are active.
2015-01-08 00:15:58 492 [Note] InnoDB: Waiting for purge to start
2015-01-08 00:15:58 492 [Note] InnoDB: 5.6.13 started; log sequence number 1626027
2015-01-08 00:15:58 492 [Note] RSA private key file not found: /home/action/.parts/var/mysql//private_key.pem. Some authentication plugins will not work.
2015-01-08 00:15:58 492 [Note] RSA public key file not found: /home/action/.parts/var/mysql//public_key.pem. Some authentication plugins will not work.
2015-01-08 00:15:58 492 [Note] Server hostname (bind-address): '*'; port: 3306
2015-01-08 00:15:58 492 [Note] IPv6 is available.
2015-01-08 00:15:58 492 [Note]   - '::' resolves to '::';
2015-01-08 00:15:58 492 [Note] Server socket created on IP: '::'.
2015-01-08 00:15:58 492 [Note] Event Scheduler: Loaded 0 events
2015-01-08 00:15:58 492 [Note] /home/action/.parts/packages/mysql/5.6.13/bin/mysqld: ready for connections.
Version: '5.6.13'  socket: '/tmp/mysql.sock'  port: 3306  Source distribution
2015-01-08 03:00:39 492 [Note] /home/action/.parts/packages/mysql/5.6.13/bin/mysqld: Normal shutdown

2015-01-08 03:00:39 492 [Note] Giving 0 client threads a chance to die gracefully
2015-01-08 03:00:39 492 [Note] Event Scheduler: Purging the queue. 0 events
2015-01-08 03:00:39 492 [Note] Shutting down slave threads
2015-01-08 03:00:39 492 [Note] Forcefully disconnecting 0 remaining clients
2015-01-08 03:00:39 492 [Note] Binlog end
2015-01-08 03:00:39 492 [Note] Shutting down plugin 'partition'
2015-01-08 03:00:39 492 [Note] Shutting down plugin 'ARCHIVE'
2015-01-08 03:00:39 492 [Note] Shutting down plugin 'PERFORMANCE_SCHEMA'
2015-01-08 03:00:39 492 [Note] Shutting down plugin 'INNODB_SYS_DATAFILES'
2015-01-08 03:00:39 492 [Note] Shutting down plugin 'INNODB_SYS_TABLESPACES'
2015-01-08 03:00:39 492 [Note] Shutting down plugin 'INNODB_SYS_FOREIGN_COLS'
2015-01-08 03:00:39 492 [Note] Shutting down plugin 'INNODB_SYS_FOREIGN'
2015-01-08 03:00:39 492 [Note] Shutting down plugin 'INNODB_SYS_FIELDS'
2015-01-08 03:00:39 492 [Note] Shutting down plugin 'INNODB_SYS_COLUMNS'
2015-01-08 03:00:39 492 [Note] Shutting down plugin 'INNODB_SYS_INDEXES'
2015-01-08 03:00:39 492 [Note] Shutting down plugin 'INNODB_SYS_TABLESTATS'
2015-01-08 03:00:39 492 [Note] Shutting down plugin 'INNODB_SYS_TABLES'
2015-01-08 03:00:39 492 [Note] Shutting down plugin 'INNODB_FT_INDEX_TABLE'
2015-01-08 03:00:39 492 [Note] Shutting down plugin 'INNODB_FT_INDEX_CACHE'
2015-01-08 03:00:39 492 [Note] Shutting down plugin 'INNODB_FT_CONFIG'
2015-01-08 03:00:39 492 [Note] Shutting down plugin 'INNODB_FT_BEING_DELETED'
2015-01-08 03:00:39 492 [Note] Shutting down plugin 'INNODB_FT_DELETED'
2015-01-08 03:00:39 492 [Note] Shutting down plugin 'INNODB_FT_DEFAULT_STOPWORD'
2015-01-08 03:00:39 492 [Note] Shutting down plugin 'INNODB_METRICS'
2015-01-08 03:00:39 492 [Note] Shutting down plugin 'INNODB_BUFFER_POOL_STATS'
2015-01-08 03:00:39 492 [Note] Shutting down plugin 'INNODB_BUFFER_PAGE_LRU'
2015-01-08 03:00:39 492 [Note] Shutting down plugin 'INNODB_BUFFER_PAGE'
2015-01-08 03:00:39 492 [Note] Shutting down plugin 'INNODB_CMP_PER_INDEX_RESET'
2015-01-08 03:00:39 492 [Note] Shutting down plugin 'INNODB_CMP_PER_INDEX'
2015-01-08 03:00:39 492 [Note] Shutting down plugin 'INNODB_CMPMEM_RESET'
2015-01-08 03:00:39 492 [Note] Shutting down plugin 'INNODB_CMPMEM'
2015-01-08 03:00:39 492 [Note] Shutting down plugin 'INNODB_CMP_RESET'
2015-01-08 03:00:39 492 [Note] Shutting down plugin 'INNODB_CMP'
2015-01-08 03:00:39 492 [Note] Shutting down plugin 'INNODB_LOCK_WAITS'
2015-01-08 03:00:39 492 [Note] Shutting down plugin 'INNODB_LOCKS'
2015-01-08 03:00:39 492 [Note] Shutting down plugin 'INNODB_TRX'
2015-01-08 03:00:39 492 [Note] Shutting down plugin 'InnoDB'
2015-01-08 03:00:39 492 [Note] InnoDB: FTS optimize thread exiting.
2015-01-08 03:00:39 492 [Note] InnoDB: Starting shutdown...
2015-01-08 03:00:41 492 [Note] InnoDB: Shutdown completed; log sequence number 1626037
2015-01-08 03:00:41 492 [Note] Shutting down plugin 'BLACKHOLE'
2015-01-08 03:00:41 492 [Note] Shutting down plugin 'MyISAM'
2015-01-08 03:00:41 492 [Note] Shutting down plugin 'MEMORY'
2015-01-08 03:00:41 492 [Note] Shutting down plugin 'CSV'
2015-01-08 03:00:41 492 [Note] Shutting down plugin 'MRG_MYISAM'
2015-01-08 03:00:41 492 [Note] Shutting down plugin 'sha256_password'
2015-01-08 03:00:41 492 [Note] Shutting down plugin 'mysql_old_password'
2015-01-08 03:00:41 492 [Note] Shutting down plugin 'mysql_native_password'
2015-01-08 03:00:41 492 [Note] Shutting down plugin 'binlog'
2015-01-08 03:00:41 492 [Note] /home/action/.parts/packages/mysql/5.6.13/bin/mysqld: Shutdown complete

150108 03:00:41 mysqld_safe mysqld from pid file /home/action/.parts/var/mysql/junkyardapp-180470.pid ended
150108 17:12:53 mysqld_safe Starting mysqld daemon with databases from /home/action/.parts/var/mysql
2015-01-08 17:12:54 0 [Warning] TIMESTAMP with implicit DEFAULT value is deprecated. Please use --explicit_defaults_for_timestamp server option (see documentation for more details).
2015-01-08 17:12:54 487 [Note] Plugin 'FEDERATED' is disabled.
2015-01-08 17:12:54 487 [Note] InnoDB: The InnoDB memory heap is disabled
2015-01-08 17:12:54 487 [Note] InnoDB: Mutexes and rw_locks use GCC atomic builtins
2015-01-08 17:12:54 487 [Note] InnoDB: Compressed tables use zlib 1.2.3
2015-01-08 17:12:54 487 [Note] InnoDB: Using CPU crc32 instructions
2015-01-08 17:12:54 487 [Note] InnoDB: Initializing buffer pool, size = 128.0M
2015-01-08 17:12:54 487 [Note] InnoDB: Completed initialization of buffer pool
2015-01-08 17:12:54 487 [Note] InnoDB: Highest supported file format is Barracuda.
2015-01-08 17:12:54 487 [Note] InnoDB: 128 rollback segment(s) are active.
2015-01-08 17:12:54 487 [Note] InnoDB: Waiting for purge to start
2015-01-08 17:12:54 487 [Note] InnoDB: 5.6.13 started; log sequence number 1626037
2015-01-08 17:12:54 487 [Note] RSA private key file not found: /home/action/.parts/var/mysql//private_key.pem. Some authentication plugins will not work.
2015-01-08 17:12:54 487 [Note] RSA public key file not found: /home/action/.parts/var/mysql//public_key.pem. Some authentication plugins will not work.
2015-01-08 17:12:54 487 [Note] Server hostname (bind-address): '*'; port: 3306
2015-01-08 17:12:54 487 [Note] IPv6 is available.
2015-01-08 17:12:54 487 [Note]   - '::' resolves to '::';
2015-01-08 17:12:54 487 [Note] Server socket created on IP: '::'.
2015-01-08 17:12:54 487 [Note] Event Scheduler: Loaded 0 events
2015-01-08 17:12:54 487 [Note] /home/action/.parts/packages/mysql/5.6.13/bin/mysqld: ready for connections.
Version: '5.6.13'  socket: '/tmp/mysql.sock'  port: 3306  Source distribution
Killed
150108 20:57:50 mysqld_safe Number of processes running now: 0
150108 20:57:50 mysqld_safe mysqld restarted
2015-01-08 20:57:51 0 [Warning] TIMESTAMP with implicit DEFAULT value is deprecated. Please use --explicit_defaults_for_timestamp server option (see documentation for more details).
2015-01-08 20:57:52 1832 [Note] Plugin 'FEDERATED' is disabled.
2015-01-08 20:57:52 1832 [Note] InnoDB: The InnoDB memory heap is disabled
2015-01-08 20:57:52 1832 [Note] InnoDB: Mutexes and rw_locks use GCC atomic builtins
2015-01-08 20:57:52 1832 [Note] InnoDB: Compressed tables use zlib 1.2.3
2015-01-08 20:57:52 1832 [Note] InnoDB: Using CPU crc32 instructions
2015-01-08 20:57:52 1832 [Note] InnoDB: Initializing buffer pool, size = 128.0M
2015-01-08 20:57:52 1832 [Note] InnoDB: Completed initialization of buffer pool
2015-01-08 20:57:52 1832 [Note] InnoDB: Highest supported file format is Barracuda.
2015-01-08 20:57:52 1832 [Note] InnoDB: The log sequence numbers 1626037 and 1626037 in ibdata files do not match the log sequence number 1626047 in the ib_logfiles!
2015-01-08 20:57:52 1832 [Note] InnoDB: Database was not shutdown normally!
2015-01-08 20:57:52 1832 [Note] InnoDB: Starting crash recovery.
2015-01-08 20:57:52 1832 [Note] InnoDB: Reading tablespace information from the .ibd files...
2015-01-08 20:57:52 1832 [Note] InnoDB: Restoring possible half-written data pages 
2015-01-08 20:57:52 1832 [Note] InnoDB: from the doublewrite buffer...
2015-01-08 20:57:52 1832 [Note] InnoDB: 128 rollback segment(s) are active.
2015-01-08 20:57:52 1832 [Note] InnoDB: Waiting for purge to start
2015-01-08 20:57:52 1832 [Note] InnoDB: 5.6.13 started; log sequence number 1626047
2015-01-08 20:57:52 1832 [Note] RSA private key file not found: /home/action/.parts/var/mysql//private_key.pem. Some authentication plugins will not work.
2015-01-08 20:57:52 1832 [Note] RSA public key file not found: /home/action/.parts/var/mysql//public_key.pem. Some authentication plugins will not work.
2015-01-08 20:57:52 1832 [Note] Server hostname (bind-address): '*'; port: 3306
2015-01-08 20:57:52 1832 [Note] IPv6 is available.
2015-01-08 20:57:52 1832 [Note]   - '::' resolves to '::';
2015-01-08 20:57:52 1832 [Note] Server socket created on IP: '::'.
2015-01-08 20:57:52 1832 [Note] Event Scheduler: Loaded 0 events
2015-01-08 20:57:52 1832 [Note] /home/action/.parts/packages/mysql/5.6.13/bin/mysqld: ready for connections.
Version: '5.6.13'  socket: '/tmp/mysql.sock'  port: 3306  Source distribution
Killed
150108 21:01:16 mysqld_safe Number of processes running now: 0
150108 21:01:16 mysqld_safe mysqld restarted
2015-01-08 21:01:24 0 [Warning] TIMESTAMP with implicit DEFAULT value is deprecated. Please use --explicit_defaults_for_timestamp server option (see documentation for more details).
2015-01-08 21:01:24 1902 [Note] Plugin 'FEDERATED' is disabled.
2015-01-08 21:01:25 1902 [Note] InnoDB: The InnoDB memory heap is disabled
2015-01-08 21:01:25 1902 [Note] InnoDB: Mutexes and rw_locks use GCC atomic builtins
2015-01-08 21:01:25 1902 [Note] InnoDB: Compressed tables use zlib 1.2.3
2015-01-08 21:01:25 1902 [Note] InnoDB: Using CPU crc32 instructions
2015-01-08 21:01:25 1902 [Note] InnoDB: Initializing buffer pool, size = 128.0M
2015-01-08 21:01:25 1902 [Note] InnoDB: Completed initialization of buffer pool
2015-01-08 21:01:25 1902 [Note] InnoDB: Highest supported file format is Barracuda.
2015-01-08 21:01:25 1902 [Note] InnoDB: The log sequence numbers 1626037 and 1626037 in ibdata files do not match the log sequence number 1626057 in the ib_logfiles!
2015-01-08 21:01:25 1902 [Note] InnoDB: Database was not shutdown normally!
2015-01-08 21:01:25 1902 [Note] InnoDB: Starting crash recovery.
2015-01-08 21:01:25 1902 [Note] InnoDB: Reading tablespace information from the .ibd files...
2015-01-08 21:01:25 1902 [Note] InnoDB: Restoring possible half-written data pages 
2015-01-08 21:01:25 1902 [Note] InnoDB: from the doublewrite buffer...
2015-01-08 21:01:25 1902 [Note] InnoDB: 128 rollback segment(s) are active.
2015-01-08 21:01:25 1902 [Note] InnoDB: Waiting for purge to start
2015-01-08 21:01:25 1902 [Note] InnoDB: 5.6.13 started; log sequence number 1626057
2015-01-08 21:01:25 1902 [Note] RSA private key file not found: /home/action/.parts/var/mysql//private_key.pem. Some authentication plugins will not work.
2015-01-08 21:01:25 1902 [Note] RSA public key file not found: /home/action/.parts/var/mysql//public_key.pem. Some authentication plugins will not work.
2015-01-08 21:01:25 1902 [Note] Server hostname (bind-address): '*'; port: 3306
2015-01-08 21:01:25 1902 [Note] IPv6 is available.
2015-01-08 21:01:25 1902 [Note]   - '::' resolves to '::';
2015-01-08 21:01:25 1902 [Note] Server socket created on IP: '::'.
2015-01-08 21:01:27 1902 [Note] Event Scheduler: Loaded 0 events
2015-01-08 21:01:27 1902 [Note] /home/action/.parts/packages/mysql/5.6.13/bin/mysqld: ready for connections.
Version: '5.6.13'  socket: '/tmp/mysql.sock'  port: 3306  Source distribution
Killed
150108 21:07:35 mysqld_safe Number of processes running now: 0
150108 21:07:35 mysqld_safe mysqld restarted
2015-01-08 21:07:36 0 [Warning] TIMESTAMP with implicit DEFAULT value is deprecated. Please use --explicit_defaults_for_timestamp server option (see documentation for more details).
2015-01-08 21:07:36 1991 [Note] Plugin 'FEDERATED' is disabled.
2015-01-08 21:07:36 1991 [Note] InnoDB: The InnoDB memory heap is disabled
2015-01-08 21:07:36 1991 [Note] InnoDB: Mutexes and rw_locks use GCC atomic builtins
2015-01-08 21:07:36 1991 [Note] InnoDB: Compressed tables use zlib 1.2.3
2015-01-08 21:07:36 1991 [Note] InnoDB: Using CPU crc32 instructions
2015-01-08 21:07:36 1991 [Note] InnoDB: Initializing buffer pool, size = 128.0M
2015-01-08 21:07:36 1991 [Note] InnoDB: Completed initialization of buffer pool
2015-01-08 21:07:36 1991 [Note] InnoDB: Highest supported file format is Barracuda.
2015-01-08 21:07:36 1991 [Note] InnoDB: The log sequence numbers 1626037 and 1626037 in ibdata files do not match the log sequence number 1626067 in the ib_logfiles!
2015-01-08 21:07:36 1991 [Note] InnoDB: Database was not shutdown normally!
2015-01-08 21:07:36 1991 [Note] InnoDB: Starting crash recovery.
2015-01-08 21:07:36 1991 [Note] InnoDB: Reading tablespace information from the .ibd files...
2015-01-08 21:07:36 1991 [Note] InnoDB: Restoring possible half-written data pages 
2015-01-08 21:07:36 1991 [Note] InnoDB: from the doublewrite buffer...
2015-01-08 21:07:36 1991 [Note] InnoDB: 128 rollback segment(s) are active.
2015-01-08 21:07:36 1991 [Note] InnoDB: Waiting for purge to start
2015-01-08 21:07:36 1991 [Note] InnoDB: 5.6.13 started; log sequence number 1626067
2015-01-08 21:07:36 1991 [Note] RSA private key file not found: /home/action/.parts/var/mysql//private_key.pem. Some authentication plugins will not work.
2015-01-08 21:07:36 1991 [Note] RSA public key file not found: /home/action/.parts/var/mysql//public_key.pem. Some authentication plugins will not work.
2015-01-08 21:07:36 1991 [Note] Server hostname (bind-address): '*'; port: 3306
2015-01-08 21:07:36 1991 [Note] IPv6 is available.
2015-01-08 21:07:36 1991 [Note]   - '::' resolves to '::';
2015-01-08 21:07:36 1991 [Note] Server socket created on IP: '::'.
2015-01-08 21:07:37 1991 [Note] Event Scheduler: Loaded 0 events
2015-01-08 21:07:37 1991 [Note] /home/action/.parts/packages/mysql/5.6.13/bin/mysqld: ready for connections.
Version: '5.6.13'  socket: '/tmp/mysql.sock'  port: 3306  Source distribution
Killed
150108 21:18:05 mysqld_safe Number of processes running now: 0
150108 21:18:05 mysqld_safe mysqld restarted
2015-01-08 21:18:07 0 [Warning] TIMESTAMP with implicit DEFAULT value is deprecated. Please use --explicit_defaults_for_timestamp server option (see documentation for more details).
2015-01-08 21:18:07 2152 [Note] Plugin 'FEDERATED' is disabled.
2015-01-08 21:18:07 2152 [Note] InnoDB: The InnoDB memory heap is disabled
2015-01-08 21:18:07 2152 [Note] InnoDB: Mutexes and rw_locks use GCC atomic builtins
2015-01-08 21:18:07 2152 [Note] InnoDB: Compressed tables use zlib 1.2.3
2015-01-08 21:18:07 2152 [Note] InnoDB: Using CPU crc32 instructions
2015-01-08 21:18:07 2152 [Note] InnoDB: Initializing buffer pool, size = 128.0M
2015-01-08 21:18:07 2152 [Note] InnoDB: Completed initialization of buffer pool
2015-01-08 21:18:07 2152 [Note] InnoDB: Highest supported file format is Barracuda.
2015-01-08 21:18:07 2152 [Note] InnoDB: The log sequence numbers 1626037 and 1626037 in ibdata files do not match the log sequence number 1626077 in the ib_logfiles!
2015-01-08 21:18:07 2152 [Note] InnoDB: Database was not shutdown normally!
2015-01-08 21:18:07 2152 [Note] InnoDB: Starting crash recovery.
2015-01-08 21:18:07 2152 [Note] InnoDB: Reading tablespace information from the .ibd files...
2015-01-08 21:18:07 2152 [Note] InnoDB: Restoring possible half-written data pages 
2015-01-08 21:18:07 2152 [Note] InnoDB: from the doublewrite buffer...
2015-01-08 21:18:07 2152 [Note] InnoDB: 128 rollback segment(s) are active.
2015-01-08 21:18:07 2152 [Note] InnoDB: Waiting for purge to start
2015-01-08 21:18:07 2152 [Note] InnoDB: 5.6.13 started; log sequence number 1626077
2015-01-08 21:18:07 2152 [Note] RSA private key file not found: /home/action/.parts/var/mysql//private_key.pem. Some authentication plugins will not work.
2015-01-08 21:18:07 2152 [Note] RSA public key file not found: /home/action/.parts/var/mysql//public_key.pem. Some authentication plugins will not work.
2015-01-08 21:18:07 2152 [Note] Server hostname (bind-address): '*'; port: 3306
2015-01-08 21:18:07 2152 [Note] IPv6 is available.
2015-01-08 21:18:07 2152 [Note]   - '::' resolves to '::';
2015-01-08 21:18:07 2152 [Note] Server socket created on IP: '::'.
2015-01-08 21:18:08 2152 [Note] Event Scheduler: Loaded 0 events
2015-01-08 21:18:08 2152 [Note] /home/action/.parts/packages/mysql/5.6.13/bin/mysqld: ready for connections.
Version: '5.6.13'  socket: '/tmp/mysql.sock'  port: 3306  Source distribution
Killed
150108 21:27:35 mysqld_safe Number of processes running now: 0
150108 21:27:35 mysqld_safe mysqld restarted
2015-01-08 21:27:38 0 [Warning] TIMESTAMP with implicit DEFAULT value is deprecated. Please use --explicit_defaults_for_timestamp server option (see documentation for more details).
2015-01-08 21:27:38 2313 [Note] Plugin 'FEDERATED' is disabled.
2015-01-08 21:27:38 2313 [Note] InnoDB: The InnoDB memory heap is disabled
2015-01-08 21:27:38 2313 [Note] InnoDB: Mutexes and rw_locks use GCC atomic builtins
2015-01-08 21:27:38 2313 [Note] InnoDB: Compressed tables use zlib 1.2.3
2015-01-08 21:27:38 2313 [Note] InnoDB: Using CPU crc32 instructions
2015-01-08 21:27:38 2313 [Note] InnoDB: Initializing buffer pool, size = 128.0M
2015-01-08 21:27:38 2313 [Note] InnoDB: Completed initialization of buffer pool
2015-01-08 21:27:38 2313 [Note] InnoDB: Highest supported file format is Barracuda.
2015-01-08 21:27:38 2313 [Note] InnoDB: The log sequence numbers 1626037 and 1626037 in ibdata files do not match the log sequence number 1626087 in the ib_logfiles!
2015-01-08 21:27:38 2313 [Note] InnoDB: Database was not shutdown normally!
2015-01-08 21:27:38 2313 [Note] InnoDB: Starting crash recovery.
2015-01-08 21:27:38 2313 [Note] InnoDB: Reading tablespace information from the .ibd files...
2015-01-08 21:27:38 2313 [Note] InnoDB: Restoring possible half-written data pages 
2015-01-08 21:27:38 2313 [Note] InnoDB: from the doublewrite buffer...
2015-01-08 21:27:38 2313 [Note] InnoDB: 128 rollback segment(s) are active.
2015-01-08 21:27:38 2313 [Note] InnoDB: Waiting for purge to start
2015-01-08 21:27:38 2313 [Note] InnoDB: 5.6.13 started; log sequence number 1626087
2015-01-08 21:27:38 2313 [Note] RSA private key file not found: /home/action/.parts/var/mysql//private_key.pem. Some authentication plugins will not work.
2015-01-08 21:27:38 2313 [Note] RSA public key file not found: /home/action/.parts/var/mysql//public_key.pem. Some authentication plugins will not work.
2015-01-08 21:27:38 2313 [Note] Server hostname (bind-address): '*'; port: 3306
2015-01-08 21:27:38 2313 [Note] IPv6 is available.
2015-01-08 21:27:38 2313 [Note]   - '::' resolves to '::';
2015-01-08 21:27:38 2313 [Note] Server socket created on IP: '::'.
2015-01-08 21:27:39 2313 [Note] Event Scheduler: Loaded 0 events
2015-01-08 21:27:39 2313 [Note] /home/action/.parts/packages/mysql/5.6.13/bin/mysqld: ready for connections.
Version: '5.6.13'  socket: '/tmp/mysql.sock'  port: 3306  Source distribution
Killed
150108 21:36:15 mysqld_safe Number of processes running now: 0
150108 21:36:15 mysqld_safe mysqld restarted
2015-01-08 21:36:20 0 [Warning] TIMESTAMP with implicit DEFAULT value is deprecated. Please use --explicit_defaults_for_timestamp server option (see documentation for more details).
2015-01-08 21:36:20 2456 [Note] Plugin 'FEDERATED' is disabled.
2015-01-08 21:36:20 2456 [Note] InnoDB: The InnoDB memory heap is disabled
2015-01-08 21:36:20 2456 [Note] InnoDB: Mutexes and rw_locks use GCC atomic builtins
2015-01-08 21:36:20 2456 [Note] InnoDB: Compressed tables use zlib 1.2.3
2015-01-08 21:36:20 2456 [Note] InnoDB: Using CPU crc32 instructions
2015-01-08 21:36:20 2456 [Note] InnoDB: Initializing buffer pool, size = 128.0M
2015-01-08 21:36:20 2456 [Note] InnoDB: Completed initialization of buffer pool
2015-01-08 21:36:20 2456 [Note] InnoDB: Highest supported file format is Barracuda.
2015-01-08 21:36:20 2456 [Note] InnoDB: The log sequence numbers 1626037 and 1626037 in ibdata files do not match the log sequence number 1626097 in the ib_logfiles!
2015-01-08 21:36:20 2456 [Note] InnoDB: Database was not shutdown normally!
2015-01-08 21:36:20 2456 [Note] InnoDB: Starting crash recovery.
2015-01-08 21:36:20 2456 [Note] InnoDB: Reading tablespace information from the .ibd files...
2015-01-08 21:36:20 2456 [Note] InnoDB: Restoring possible half-written data pages 
2015-01-08 21:36:20 2456 [Note] InnoDB: from the doublewrite buffer...
2015-01-08 21:36:21 2456 [Note] InnoDB: 128 rollback segment(s) are active.
2015-01-08 21:36:21 2456 [Note] InnoDB: Waiting for purge to start
2015-01-08 21:36:21 2456 [Note] InnoDB: 5.6.13 started; log sequence number 1626097
2015-01-08 21:36:21 2456 [Note] RSA private key file not found: /home/action/.parts/var/mysql//private_key.pem. Some authentication plugins will not work.
2015-01-08 21:36:21 2456 [Note] RSA public key file not found: /home/action/.parts/var/mysql//public_key.pem. Some authentication plugins will not work.
2015-01-08 21:36:21 2456 [Note] Server hostname (bind-address): '*'; port: 3306
2015-01-08 21:36:21 2456 [Note] IPv6 is available.
2015-01-08 21:36:21 2456 [Note]   - '::' resolves to '::';
2015-01-08 21:36:21 2456 [Note] Server socket created on IP: '::'.
2015-01-08 21:36:21 2456 [Note] Event Scheduler: Loaded 0 events
2015-01-08 21:36:21 2456 [Note] /home/action/.parts/packages/mysql/5.6.13/bin/mysqld: ready for connections.
Version: '5.6.13'  socket: '/tmp/mysql.sock'  port: 3306  Source distribution
2015-01-09 00:00:38 2456 [Note] /home/action/.parts/packages/mysql/5.6.13/bin/mysqld: Normal shutdown

2015-01-09 00:00:38 2456 [Note] Giving 0 client threads a chance to die gracefully
2015-01-09 00:00:38 2456 [Note] Event Scheduler: Purging the queue. 0 events
2015-01-09 00:00:38 2456 [Note] Shutting down slave threads
2015-01-09 00:00:38 2456 [Note] Forcefully disconnecting 0 remaining clients
2015-01-09 00:00:38 2456 [Note] Binlog end
2015-01-09 00:00:38 2456 [Note] Shutting down plugin 'partition'
2015-01-09 00:00:38 2456 [Note] Shutting down plugin 'ARCHIVE'
2015-01-09 00:00:38 2456 [Note] Shutting down plugin 'PERFORMANCE_SCHEMA'
2015-01-09 00:00:38 2456 [Note] Shutting down plugin 'INNODB_SYS_DATAFILES'
2015-01-09 00:00:38 2456 [Note] Shutting down plugin 'INNODB_SYS_TABLESPACES'
2015-01-09 00:00:38 2456 [Note] Shutting down plugin 'INNODB_SYS_FOREIGN_COLS'
2015-01-09 00:00:38 2456 [Note] Shutting down plugin 'INNODB_SYS_FOREIGN'
2015-01-09 00:00:38 2456 [Note] Shutting down plugin 'INNODB_SYS_FIELDS'
2015-01-09 00:00:38 2456 [Note] Shutting down plugin 'INNODB_SYS_COLUMNS'
2015-01-09 00:00:38 2456 [Note] Shutting down plugin 'INNODB_SYS_INDEXES'
2015-01-09 00:00:38 2456 [Note] Shutting down plugin 'INNODB_SYS_TABLESTATS'
2015-01-09 00:00:38 2456 [Note] Shutting down plugin 'INNODB_SYS_TABLES'
2015-01-09 00:00:38 2456 [Note] Shutting down plugin 'INNODB_FT_INDEX_TABLE'
2015-01-09 00:00:38 2456 [Note] Shutting down plugin 'INNODB_FT_INDEX_CACHE'
2015-01-09 00:00:38 2456 [Note] Shutting down plugin 'INNODB_FT_CONFIG'
2015-01-09 00:00:38 2456 [Note] Shutting down plugin 'INNODB_FT_BEING_DELETED'
2015-01-09 00:00:38 2456 [Note] Shutting down plugin 'INNODB_FT_DELETED'
2015-01-09 00:00:38 2456 [Note] Shutting down plugin 'INNODB_FT_DEFAULT_STOPWORD'
2015-01-09 00:00:38 2456 [Note] Shutting down plugin 'INNODB_METRICS'
2015-01-09 00:00:38 2456 [Note] Shutting down plugin 'INNODB_BUFFER_POOL_STATS'
2015-01-09 00:00:38 2456 [Note] Shutting down plugin 'INNODB_BUFFER_PAGE_LRU'
2015-01-09 00:00:38 2456 [Note] Shutting down plugin 'INNODB_BUFFER_PAGE'
2015-01-09 00:00:38 2456 [Note] Shutting down plugin 'INNODB_CMP_PER_INDEX_RESET'
2015-01-09 00:00:38 2456 [Note] Shutting down plugin 'INNODB_CMP_PER_INDEX'
2015-01-09 00:00:38 2456 [Note] Shutting down plugin 'INNODB_CMPMEM_RESET'
2015-01-09 00:00:38 2456 [Note] Shutting down plugin 'INNODB_CMPMEM'
2015-01-09 00:00:38 2456 [Note] Shutting down plugin 'INNODB_CMP_RESET'
2015-01-09 00:00:38 2456 [Note] Shutting down plugin 'INNODB_CMP'
2015-01-09 00:00:38 2456 [Note] Shutting down plugin 'INNODB_LOCK_WAITS'
2015-01-09 00:00:38 2456 [Note] Shutting down plugin 'INNODB_LOCKS'
2015-01-09 00:00:38 2456 [Note] Shutting down plugin 'INNODB_TRX'
2015-01-09 00:00:38 2456 [Note] Shutting down plugin 'InnoDB'
2015-01-09 00:00:38 2456 [Note] InnoDB: FTS optimize thread exiting.
2015-01-09 00:00:38 2456 [Note] InnoDB: Starting shutdown...
2015-01-09 00:00:39 2456 [Note] InnoDB: Shutdown completed; log sequence number 1626107
2015-01-09 00:00:39 2456 [Note] Shutting down plugin 'BLACKHOLE'
2015-01-09 00:00:39 2456 [Note] Shutting down plugin 'MyISAM'
2015-01-09 00:00:39 2456 [Note] Shutting down plugin 'MEMORY'
2015-01-09 00:00:39 2456 [Note] Shutting down plugin 'CSV'
2015-01-09 00:00:39 2456 [Note] Shutting down plugin 'MRG_MYISAM'
2015-01-09 00:00:39 2456 [Note] Shutting down plugin 'sha256_password'
2015-01-09 00:00:39 2456 [Note] Shutting down plugin 'mysql_old_password'
2015-01-09 00:00:39 2456 [Note] Shutting down plugin 'mysql_native_password'
2015-01-09 00:00:39 2456 [Note] Shutting down plugin 'binlog'
2015-01-09 00:00:39 2456 [Note] /home/action/.parts/packages/mysql/5.6.13/bin/mysqld: Shutdown complete

150109 00:00:40 mysqld_safe mysqld from pid file /home/action/.parts/var/mysql/junkyardapp-180470.pid ended
150114 19:26:29 mysqld_safe Starting mysqld daemon with databases from /home/action/.parts/var/mysql
2015-01-14 19:26:30 0 [Warning] TIMESTAMP with implicit DEFAULT value is deprecated. Please use --explicit_defaults_for_timestamp server option (see documentation for more details).
2015-01-14 19:26:30 484 [Note] Plugin 'FEDERATED' is disabled.
2015-01-14 19:26:30 484 [Note] InnoDB: The InnoDB memory heap is disabled
2015-01-14 19:26:30 484 [Note] InnoDB: Mutexes and rw_locks use GCC atomic builtins
2015-01-14 19:26:30 484 [Note] InnoDB: Compressed tables use zlib 1.2.3
2015-01-14 19:26:30 484 [Note] InnoDB: Using CPU crc32 instructions
2015-01-14 19:26:30 484 [Note] InnoDB: Initializing buffer pool, size = 128.0M
2015-01-14 19:26:30 484 [Note] InnoDB: Completed initialization of buffer pool
2015-01-14 19:26:30 484 [Note] InnoDB: Highest supported file format is Barracuda.
2015-01-14 19:26:30 484 [Note] InnoDB: 128 rollback segment(s) are active.
2015-01-14 19:26:30 484 [Note] InnoDB: Waiting for purge to start
2015-01-14 19:26:30 484 [Note] InnoDB: 5.6.13 started; log sequence number 1626107
2015-01-14 19:26:30 484 [Note] RSA private key file not found: /home/action/.parts/var/mysql//private_key.pem. Some authentication plugins will not work.
2015-01-14 19:26:30 484 [Note] RSA public key file not found: /home/action/.parts/var/mysql//public_key.pem. Some authentication plugins will not work.
2015-01-14 19:26:30 484 [Note] Server hostname (bind-address): '*'; port: 3306
2015-01-14 19:26:30 484 [Note] IPv6 is available.
2015-01-14 19:26:30 484 [Note]   - '::' resolves to '::';
2015-01-14 19:26:30 484 [Note] Server socket created on IP: '::'.
2015-01-14 19:26:31 484 [Note] Event Scheduler: Loaded 0 events
2015-01-14 19:26:31 484 [Note] /home/action/.parts/packages/mysql/5.6.13/bin/mysqld: ready for connections.
Version: '5.6.13'  socket: '/tmp/mysql.sock'  port: 3306  Source distribution
Killed
150114 19:55:45 mysqld_safe Number of processes running now: 0
150114 19:55:45 mysqld_safe mysqld restarted
2015-01-14 19:55:51 0 [Warning] TIMESTAMP with implicit DEFAULT value is deprecated. Please use --explicit_defaults_for_timestamp server option (see documentation for more details).
2015-01-14 19:55:51 19330 [Note] Plugin 'FEDERATED' is disabled.
2015-01-14 19:55:51 19330 [Note] InnoDB: The InnoDB memory heap is disabled
2015-01-14 19:55:51 19330 [Note] InnoDB: Mutexes and rw_locks use GCC atomic builtins
2015-01-14 19:55:51 19330 [Note] InnoDB: Compressed tables use zlib 1.2.3
2015-01-14 19:55:51 19330 [Note] InnoDB: Using CPU crc32 instructions
2015-01-14 19:55:51 19330 [Note] InnoDB: Initializing buffer pool, size = 128.0M
2015-01-14 19:55:54 19330 [Note] InnoDB: Completed initialization of buffer pool
2015-01-14 19:55:54 19330 [Note] InnoDB: Highest supported file format is Barracuda.
2015-01-14 19:55:54 19330 [Note] InnoDB: The log sequence numbers 1626107 and 1626107 in ibdata files do not match the log sequence number 1626133 in the ib_logfiles!
2015-01-14 19:55:54 19330 [Note] InnoDB: Database was not shutdown normally!
2015-01-14 19:55:54 19330 [Note] InnoDB: Starting crash recovery.
2015-01-14 19:55:54 19330 [Note] InnoDB: Reading tablespace information from the .ibd files...
2015-01-14 19:55:54 19330 [Note] InnoDB: Restoring possible half-written data pages 
2015-01-14 19:55:54 19330 [Note] InnoDB: from the doublewrite buffer...
2015-01-14 19:55:55 19330 [Note] InnoDB: 128 rollback segment(s) are active.
2015-01-14 19:55:55 19330 [Note] InnoDB: Waiting for purge to start
2015-01-14 19:55:55 19330 [Note] InnoDB: 5.6.13 started; log sequence number 1626133
2015-01-14 19:55:55 19330 [Note] RSA private key file not found: /home/action/.parts/var/mysql//private_key.pem. Some authentication plugins will not work.
2015-01-14 19:55:55 19330 [Note] RSA public key file not found: /home/action/.parts/var/mysql//public_key.pem. Some authentication plugins will not work.
2015-01-14 19:55:55 19330 [Note] Server hostname (bind-address): '*'; port: 3306
2015-01-14 19:55:55 19330 [Note] IPv6 is available.
2015-01-14 19:55:55 19330 [Note]   - '::' resolves to '::';
2015-01-14 19:55:55 19330 [Note] Server socket created on IP: '::'.
2015-01-14 19:55:56 19330 [Note] Event Scheduler: Loaded 0 events
2015-01-14 19:55:56 19330 [Note] /home/action/.parts/packages/mysql/5.6.13/bin/mysqld: ready for connections.
Version: '5.6.13'  socket: '/tmp/mysql.sock'  port: 3306  Source distribution
